<?xml version="1.0" encoding="UTF-8"?>
<testng-results skipped="0" failed="0" ignored="0" total="2" passed="2">
  <reporter-output>
  </reporter-output>
  <suite name="Default suite [Default suite]" duration-ms="45400" started-at="2019-08-19T11:47:04Z" finished-at="2019-08-19T11:47:50Z">
    <groups>
    </groups>
    <test name="Default test" duration-ms="45400" started-at="2019-08-19T11:47:04Z" finished-at="2019-08-19T11:47:50Z">
      <class name="CloudBLM.GitHub.CloudBLMMaster">
        <test-method status="PASS" signature="Report()[pri:0, instance:CloudBLM.GitHub.CloudBLMMaster@371a67ec]" name="Report" is-config="true" duration-ms="441" started-at="2019-08-19T11:47:04Z" finished-at="2019-08-19T11:47:05Z">
          <reporter-output>
          </reporter-output>
        </test-method> <!-- Report -->
        <test-method status="PASS" signature="WebBrowser()[pri:0, instance:CloudBLM.GitHub.CloudBLMMaster@371a67ec]" name="WebBrowser" duration-ms="17287" started-at="2019-08-19T11:47:05Z" finished-at="2019-08-19T11:47:22Z">
          <reporter-output>
          </reporter-output>
        </test-method> <!-- WebBrowser -->
        <test-method status="PASS" signature="Login()[pri:1, instance:CloudBLM.GitHub.CloudBLMMaster@371a67ec]" name="Login" duration-ms="25402" started-at="2019-08-19T11:47:22Z" finished-at="2019-08-19T11:47:47Z">
          <reporter-output>
          </reporter-output>
        </test-method> <!-- Login -->
        <test-method status="PASS" signature="Exit()[pri:0, instance:CloudBLM.GitHub.CloudBLMMaster@371a67ec]" name="Exit" is-config="true" duration-ms="2248" started-at="2019-08-19T11:47:47Z" finished-at="2019-08-19T11:47:50Z">
          <reporter-output>
          </reporter-output>
        </test-method> <!-- Exit -->
      </class> <!-- CloudBLM.GitHub.CloudBLMMaster -->
    </test> <!-- Default test -->
  </suite> <!-- Default suite [Default suite] -->
</testng-results>
